[2023-06-03 18:27:39,680] {__init__.py:1139} INFO - Dependencies all met for <TaskInstance: tutorial.templated 2020-05-28T00:00:00+00:00 [queued]>
[2023-06-03 18:27:39,685] {__init__.py:1139} INFO - Dependencies all met for <TaskInstance: tutorial.templated 2020-05-28T00:00:00+00:00 [queued]>
[2023-06-03 18:27:39,686] {__init__.py:1353} INFO - 
--------------------------------------------------------------------------------
[2023-06-03 18:27:39,686] {__init__.py:1354} INFO - Starting attempt 1 of 2
[2023-06-03 18:27:39,686] {__init__.py:1355} INFO - 
--------------------------------------------------------------------------------
[2023-06-03 18:27:39,691] {__init__.py:1374} INFO - Executing <Task(BashOperator): templated> on 2020-05-28T00:00:00+00:00
[2023-06-03 18:27:39,691] {base_task_runner.py:119} INFO - Running: ['airflow', 'run', 'tutorial', 'templated', '2020-05-28T00:00:00+00:00', '--job_id', '10', '--raw', '-sd', '/Users/jpa/Desktop/airflow_sandbox/.venv/lib/python3.7/site-packages/airflow/example_dags/tutorial.py', '--cfg_path', '/var/folders/2z/8x2w0spx2q5b39hmg5bbvnp00000gn/T/tmpnx5a5ouc']
[2023-06-03 18:27:40,598] {base_task_runner.py:101} INFO - Job 10: Subtask templated [2023-06-03 18:27:40,597] {__init__.py:51} INFO - Using executor SequentialExecutor
[2023-06-03 18:27:40,787] {base_task_runner.py:101} INFO - Job 10: Subtask templated [2023-06-03 18:27:40,787] {__init__.py:305} INFO - Filling up the DagBag from /Users/jpa/Desktop/airflow_sandbox/.venv/lib/python3.7/site-packages/airflow/example_dags/tutorial.py
[2023-06-03 18:27:40,799] {base_task_runner.py:101} INFO - Job 10: Subtask templated [2023-06-03 18:27:40,798] {cli.py:517} INFO - Running <TaskInstance: tutorial.templated 2020-05-28T00:00:00+00:00 [running]> on host johns-mbp-8.attlocal.net
[2023-06-03 18:27:40,815] {bash_operator.py:81} INFO - Tmp dir root location: 
 /var/folders/2z/8x2w0spx2q5b39hmg5bbvnp00000gn/T
[2023-06-03 18:27:40,815] {bash_operator.py:90} INFO - Exporting the following env vars:
AIRFLOW_CTX_DAG_ID=tutorial
AIRFLOW_CTX_TASK_ID=templated
AIRFLOW_CTX_EXECUTION_DATE=2020-05-28T00:00:00+00:00
AIRFLOW_CTX_DAG_RUN_ID=backfill_2020-05-28T00:00:00+00:00
[2023-06-03 18:27:40,815] {bash_operator.py:104} INFO - Temporary script location: /var/folders/2z/8x2w0spx2q5b39hmg5bbvnp00000gn/T/airflowtmpu2e7tygd/templatednc8vc__m
[2023-06-03 18:27:40,815] {bash_operator.py:114} INFO - Running command: 

    echo "2020-05-28"
    echo "2020-06-04"
    echo "Parameter I passed in"

    echo "2020-05-28"
    echo "2020-06-04"
    echo "Parameter I passed in"

    echo "2020-05-28"
    echo "2020-06-04"
    echo "Parameter I passed in"

    echo "2020-05-28"
    echo "2020-06-04"
    echo "Parameter I passed in"

    echo "2020-05-28"
    echo "2020-06-04"
    echo "Parameter I passed in"

[2023-06-03 18:27:40,821] {bash_operator.py:123} INFO - Output:
[2023-06-03 18:27:40,823] {bash_operator.py:127} INFO - 2020-05-28
[2023-06-03 18:27:40,823] {bash_operator.py:127} INFO - 2020-06-04
[2023-06-03 18:27:40,823] {bash_operator.py:127} INFO - Parameter I passed in
[2023-06-03 18:27:40,823] {bash_operator.py:127} INFO - 2020-05-28
[2023-06-03 18:27:40,823] {bash_operator.py:127} INFO - 2020-06-04
[2023-06-03 18:27:40,823] {bash_operator.py:127} INFO - Parameter I passed in
[2023-06-03 18:27:40,824] {bash_operator.py:127} INFO - 2020-05-28
[2023-06-03 18:27:40,824] {bash_operator.py:127} INFO - 2020-06-04
[2023-06-03 18:27:40,824] {bash_operator.py:127} INFO - Parameter I passed in
[2023-06-03 18:27:40,824] {bash_operator.py:127} INFO - 2020-05-28
[2023-06-03 18:27:40,824] {bash_operator.py:127} INFO - 2020-06-04
[2023-06-03 18:27:40,824] {bash_operator.py:127} INFO - Parameter I passed in
[2023-06-03 18:27:40,824] {bash_operator.py:127} INFO - 2020-05-28
[2023-06-03 18:27:40,824] {bash_operator.py:127} INFO - 2020-06-04
[2023-06-03 18:27:40,824] {bash_operator.py:127} INFO - Parameter I passed in
[2023-06-03 18:27:40,824] {bash_operator.py:131} INFO - Command exited with return code 0
[2023-06-03 18:27:44,681] {logging_mixin.py:95} INFO - [2023-06-03 18:27:44,681] {jobs.py:2562} INFO - Task exited with return code 0
