[2023-06-03 18:26:46,792] {__init__.py:1139} INFO - Dependencies all met for <TaskInstance: tutorial.print_date 2020-05-28T00:00:00+00:00 [queued]>
[2023-06-03 18:26:46,796] {__init__.py:1139} INFO - Dependencies all met for <TaskInstance: tutorial.print_date 2020-05-28T00:00:00+00:00 [queued]>
[2023-06-03 18:26:46,796] {__init__.py:1353} INFO - 
--------------------------------------------------------------------------------
[2023-06-03 18:26:46,796] {__init__.py:1354} INFO - Starting attempt 1 of 2
[2023-06-03 18:26:46,796] {__init__.py:1355} INFO - 
--------------------------------------------------------------------------------
[2023-06-03 18:26:46,801] {__init__.py:1374} INFO - Executing <Task(BashOperator): print_date> on 2020-05-28T00:00:00+00:00
[2023-06-03 18:26:46,801] {base_task_runner.py:119} INFO - Running: ['airflow', 'run', 'tutorial', 'print_date', '2020-05-28T00:00:00+00:00', '--job_id', '4', '--raw', '-sd', '/Users/jpa/Desktop/airflow_sandbox/.venv/lib/python3.7/site-packages/airflow/example_dags/tutorial.py', '--cfg_path', '/var/folders/2z/8x2w0spx2q5b39hmg5bbvnp00000gn/T/tmpf6h8or1v']
[2023-06-03 18:26:47,677] {base_task_runner.py:101} INFO - Job 4: Subtask print_date [2023-06-03 18:26:47,676] {__init__.py:51} INFO - Using executor SequentialExecutor
[2023-06-03 18:26:47,861] {base_task_runner.py:101} INFO - Job 4: Subtask print_date [2023-06-03 18:26:47,861] {__init__.py:305} INFO - Filling up the DagBag from /Users/jpa/Desktop/airflow_sandbox/.venv/lib/python3.7/site-packages/airflow/example_dags/tutorial.py
[2023-06-03 18:26:47,872] {base_task_runner.py:101} INFO - Job 4: Subtask print_date [2023-06-03 18:26:47,871] {cli.py:517} INFO - Running <TaskInstance: tutorial.print_date 2020-05-28T00:00:00+00:00 [running]> on host johns-mbp-8.attlocal.net
[2023-06-03 18:26:47,881] {bash_operator.py:81} INFO - Tmp dir root location: 
 /var/folders/2z/8x2w0spx2q5b39hmg5bbvnp00000gn/T
[2023-06-03 18:26:47,881] {bash_operator.py:90} INFO - Exporting the following env vars:
AIRFLOW_CTX_DAG_ID=tutorial
AIRFLOW_CTX_TASK_ID=print_date
AIRFLOW_CTX_EXECUTION_DATE=2020-05-28T00:00:00+00:00
AIRFLOW_CTX_DAG_RUN_ID=backfill_2020-05-28T00:00:00+00:00
[2023-06-03 18:26:47,881] {bash_operator.py:104} INFO - Temporary script location: /var/folders/2z/8x2w0spx2q5b39hmg5bbvnp00000gn/T/airflowtmpsd9pqyr8/print_datevoumxkuu
[2023-06-03 18:26:47,881] {bash_operator.py:114} INFO - Running command: date
[2023-06-03 18:26:47,886] {bash_operator.py:123} INFO - Output:
[2023-06-03 18:26:47,894] {bash_operator.py:127} INFO - Sat Jun  3 18:26:47 EDT 2023
[2023-06-03 18:26:47,894] {bash_operator.py:131} INFO - Command exited with return code 0
[2023-06-03 18:26:51,793] {logging_mixin.py:95} INFO - [2023-06-03 18:26:51,793] {jobs.py:2562} INFO - Task exited with return code 0
