[2023-06-03 18:27:05,619] {__init__.py:1139} INFO - Dependencies all met for <TaskInstance: tutorial.sleep 2020-05-28T00:00:00+00:00 [queued]>
[2023-06-03 18:27:05,626] {__init__.py:1139} INFO - Dependencies all met for <TaskInstance: tutorial.sleep 2020-05-28T00:00:00+00:00 [queued]>
[2023-06-03 18:27:05,626] {__init__.py:1353} INFO - 
--------------------------------------------------------------------------------
[2023-06-03 18:27:05,626] {__init__.py:1354} INFO - Starting attempt 1 of 2
[2023-06-03 18:27:05,626] {__init__.py:1355} INFO - 
--------------------------------------------------------------------------------
[2023-06-03 18:27:05,630] {__init__.py:1374} INFO - Executing <Task(BashOperator): sleep> on 2020-05-28T00:00:00+00:00
[2023-06-03 18:27:05,631] {base_task_runner.py:119} INFO - Running: ['airflow', 'run', 'tutorial', 'sleep', '2020-05-28T00:00:00+00:00', '--job_id', '7', '--raw', '-sd', '/Users/jpa/Desktop/airflow_sandbox/.venv/lib/python3.7/site-packages/airflow/example_dags/tutorial.py', '--cfg_path', '/var/folders/2z/8x2w0spx2q5b39hmg5bbvnp00000gn/T/tmp7uaxyv1x']
[2023-06-03 18:27:06,529] {base_task_runner.py:101} INFO - Job 7: Subtask sleep [2023-06-03 18:27:06,529] {__init__.py:51} INFO - Using executor SequentialExecutor
[2023-06-03 18:27:06,714] {base_task_runner.py:101} INFO - Job 7: Subtask sleep [2023-06-03 18:27:06,714] {__init__.py:305} INFO - Filling up the DagBag from /Users/jpa/Desktop/airflow_sandbox/.venv/lib/python3.7/site-packages/airflow/example_dags/tutorial.py
[2023-06-03 18:27:06,726] {base_task_runner.py:101} INFO - Job 7: Subtask sleep [2023-06-03 18:27:06,726] {cli.py:517} INFO - Running <TaskInstance: tutorial.sleep 2020-05-28T00:00:00+00:00 [running]> on host johns-mbp-8.attlocal.net
[2023-06-03 18:27:06,737] {bash_operator.py:81} INFO - Tmp dir root location: 
 /var/folders/2z/8x2w0spx2q5b39hmg5bbvnp00000gn/T
[2023-06-03 18:27:06,737] {bash_operator.py:90} INFO - Exporting the following env vars:
AIRFLOW_CTX_DAG_ID=tutorial
AIRFLOW_CTX_TASK_ID=sleep
AIRFLOW_CTX_EXECUTION_DATE=2020-05-28T00:00:00+00:00
AIRFLOW_CTX_DAG_RUN_ID=backfill_2020-05-28T00:00:00+00:00
[2023-06-03 18:27:06,738] {bash_operator.py:104} INFO - Temporary script location: /var/folders/2z/8x2w0spx2q5b39hmg5bbvnp00000gn/T/airflowtmpbwdndiac/sleepi7a9dexw
[2023-06-03 18:27:06,738] {bash_operator.py:114} INFO - Running command: sleep 5
[2023-06-03 18:27:06,743] {bash_operator.py:123} INFO - Output:
[2023-06-03 18:27:11,756] {bash_operator.py:131} INFO - Command exited with return code 0
[2023-06-03 18:27:15,630] {logging_mixin.py:95} INFO - [2023-06-03 18:27:15,629] {jobs.py:2562} INFO - Task exited with return code 0
